<?xml version="1.0" encoding="UTF-8"?>
<testng-results skipped="0" failed="0" ignored="0" total="0" passed="0">
  <reporter-output>
  </reporter-output>
  <suite name="TestHome" duration-ms="18" started-at="2019-01-02T15:40:09Z" finished-at="2019-01-02T15:40:09Z">
    <groups>
    </groups>
    <test name="Command line test" duration-ms="18" started-at="2019-01-02T15:40:09Z" finished-at="2019-01-02T15:40:09Z">
    </test> <!-- Command line test -->
  </suite> <!-- TestHome -->
</testng-results>
